This is e-pTeX, Version 3.14159265-p3.7.1-161114-2.6 (utf8.euc) (TeX Live 2017/Debian) (preloaded format=platex 2018.8.24)  20 JAN 2022 19:24
entering extended mode
 restricted \write18 enabled.
 %&-line parsing enabled.
**main
(./main.tex
pLaTeX2e <2017/10/28>+4 (based on LaTeX2e <2017-04-15>)
Babel <3.18> and hyphenation patterns for 84 language(s) loaded.
(/usr/share/texlive/texmf-dist/tex/platex/jsclasses/jsbook.cls
Document Class: jsbook 2017/10/04 jsclasses (okumura, texjporg)
\jsc@mpt=\dimen118
\jsc@mmm=\dimen119
\jsc@smallskipamount=\skip41
LaTeX Info: Redefining \rmfamily on input line 476.
LaTeX Info: Redefining \sffamily on input line 479.
LaTeX Info: Redefining \ttfamily on input line 482.
LaTeX Info: Redefining \textmc on input line 486.
LaTeX Info: Redefining \textgt on input line 488.
\symmincho=\mathgroup4
LaTeX Font Info:    Overwriting symbol font `mincho' in version `bold'
(Font)                  JY1/mc/m/n --> JY1/gt/m/n on input line 550.
LaTeX Font Info:    Font shape `JT1/mc/m/n' will be
(Font)              scaled to size 9.60999pt on input line 741.
LaTeX Font Info:    Font shape `JY1/mc/m/n' will be
(Font)              scaled to size 9.60999pt on input line 741.
\fullwidth=\dimen120
LaTeX Font Info:    Font shape `JT1/mc/m/n' will be
(Font)              scaled to size 7.68799pt on input line 902.
LaTeX Font Info:    Font shape `JY1/mc/m/n' will be
(Font)              scaled to size 7.68799pt on input line 902.
\c@part=\count82
\c@chapter=\count83
\c@section=\count84
\c@subsection=\count85
\c@subsubsection=\count86
\c@paragraph=\count87
\c@subparagraph=\count88
\c@figure=\count89
\c@table=\count90
\abovecaptionskip=\skip42
\belowcaptionskip=\skip43
\jsc@tocl@width=\dimen121
\@lnumwidth=\dimen122
\bibindent=\dimen123
(/usr/share/texlive/texmf-dist/tex/platex/jsclasses/jslogo.sty
Package: jslogo 2017/02/24 okumura, texjporg
LaTeX Info: Redefining \TeX on input line 94.
LaTeX Info: Redefining \LaTeX on input line 147.
LaTeX Info: Redefining \LaTeXe on input line 200.
)
\heisei=\count91
)
(/usr/share/texlive/texmf-dist/tex/latex/docmute/docmute.sty
Package: docmute 2012/03/22 v1.4 Input stand-alone documents
)
(./myjlabthesisstyle.sty
(/usr/share/texlive/texmf-dist/tex/latex/fancyhdr/fancyhdr.sty
Package: fancyhdr 2017/06/30 v3.9a Extensive control of page headers and footer
s
\f@nch@headwidth=\skip44
\f@nch@O@elh=\skip45
\f@nch@O@erh=\skip46
\f@nch@O@olh=\skip47
\f@nch@O@orh=\skip48
\f@nch@O@elf=\skip49
\f@nch@O@erf=\skip50
\f@nch@O@olf=\skip51
\f@nch@O@orf=\skip52
)
(/usr/share/texlive/texmf-dist/tex/latex/amsmath/amsmath.sty
Package: amsmath 2017/09/02 v2.17a AMS math features
\@mathmargin=\skip53

For additional information on amsmath, use the `?' option.
(/usr/share/texlive/texmf-dist/tex/latex/amsmath/amstext.sty
Package: amstext 2000/06/29 v2.01 AMS text

(/usr/share/texlive/texmf-dist/tex/latex/amsmath/amsgen.sty
File: amsgen.sty 1999/11/30 v2.0 generic functions
\@emptytoks=\toks15
\ex@=\dimen124
))
(/usr/share/texlive/texmf-dist/tex/latex/amsmath/amsbsy.sty
Package: amsbsy 1999/11/29 v1.2d Bold Symbols
\pmbraise@=\dimen125
)
(/usr/share/texlive/texmf-dist/tex/latex/amsmath/amsopn.sty
Package: amsopn 2016/03/08 v2.02 operator names
)
\inf@bad=\count92
LaTeX Info: Redefining \frac on input line 213.
\uproot@=\count93
\leftroot@=\count94
LaTeX Info: Redefining \overline on input line 375.
\classnum@=\count95
\DOTSCASE@=\count96
LaTeX Info: Redefining \ldots on input line 472.
LaTeX Info: Redefining \dots on input line 475.
LaTeX Info: Redefining \cdots on input line 596.
\Mathstrutbox@=\box42
\strutbox@=\box43
\big@size=\dimen126
LaTeX Font Info:    Redeclaring font encoding OML on input line 712.
LaTeX Font Info:    Redeclaring font encoding OMS on input line 713.
\macc@depth=\count97
\c@MaxMatrixCols=\count98
\dotsspace@=\muskip10
\c@parentequation=\count99
\dspbrk@lvl=\count100
\tag@help=\toks16
\row@=\count101
\column@=\count102
\maxfields@=\count103
\andhelp@=\toks17
\eqnshift@=\dimen127
\alignsep@=\dimen128
\tagshift@=\dimen129
\tagwidth@=\dimen130
\totwidth@=\dimen131
\lineht@=\dimen132
\@envbody=\toks18
\multlinegap=\skip54
\multlinetaggap=\skip55
\mathdisplay@stack=\toks19
LaTeX Info: Redefining \[ on input line 2817.
LaTeX Info: Redefining \] on input line 2818.
)
(/usr/share/texlive/texmf-dist/tex/latex/amsfonts/amssymb.sty
Package: amssymb 2013/01/14 v3.01 AMS font symbols

(/usr/share/texlive/texmf-dist/tex/latex/amsfonts/amsfonts.sty
Package: amsfonts 2013/01/14 v3.01 Basic AMSFonts support
\symAMSa=\mathgroup5
\symAMSb=\mathgroup6
LaTeX Font Info:    Overwriting math alphabet `\mathfrak' in version `bold'
(Font)                  U/euf/m/n --> U/euf/b/n on input line 106.
))
(/usr/share/texlive/texmf-dist/tex/latex/tools/bm.sty
Package: bm 2017/01/16 v1.2c Bold Symbol Support (DPC/FMi)
\symboldoperators=\mathgroup7
\symboldletters=\mathgroup8
\symboldsymbols=\mathgroup9
\symboldmincho=\mathgroup10
LaTeX Font Info:    Redeclaring math alphabet \mathbf on input line 141.
LaTeX Info: Redefining \bm on input line 207.
)
(/usr/share/texlive/texmf-dist/tex/latex/graphics/graphicx.sty
Package: graphicx 2017/06/01 v1.1a Enhanced LaTeX Graphics (DPC,SPQR)

(/usr/share/texlive/texmf-dist/tex/latex/graphics/keyval.sty
Package: keyval 2014/10/28 v1.15 key=value parser (DPC)
\KV@toks@=\toks20
)
(/usr/share/texlive/texmf-dist/tex/latex/graphics/graphics.sty
Package: graphics 2017/06/25 v1.2c Standard LaTeX Graphics (DPC,SPQR)

(/usr/share/texlive/texmf-dist/tex/latex/graphics/trig.sty
Package: trig 2016/01/03 v1.10 sin cos tan (DPC)
)
(/usr/share/texlive/texmf-dist/tex/latex/graphics-cfg/graphics.cfg
File: graphics.cfg 2016/06/04 v1.11 sample graphics configuration
)
Package graphics Info: Driver file: dvipdfmx.def on input line 99.

(/usr/share/texlive/texmf-dist/tex/latex/graphics-def/dvipdfmx.def
File: dvipdfmx.def 2017/06/24 v5.0g Graphics/color driver for dvipdfmx
))
\Gin@req@height=\dimen133
\Gin@req@width=\dimen134
)
(/usr/share/texlive/texmf-dist/tex/latex/subfigure/subfigure.sty
Package: subfigure 2002/03/15 v2.1.5 subfigure package
\subfigtopskip=\skip56
\subfigcapskip=\skip57
\subfigcaptopadj=\dimen135
\subfigbottomskip=\skip58
\subfigcapmargin=\dimen136
\subfiglabelskip=\skip59
\c@subfigure=\count104
\c@lofdepth=\count105
\c@subtable=\count106
\c@lotdepth=\count107

****************************************
* Local config file subfigure.cfg used *
****************************************
(/usr/share/texlive/texmf-dist/tex/latex/subfigure/subfigure.cfg)
\subfig@top=\skip60
\subfig@bottom=\skip61
)
(/usr/share/texlive/texmf-dist/tex/latex/url/url.sty
\Urlmuskip=\muskip11
Package: url 2013/09/16  ver 3.4  Verb mode for urls, etc.
)
(/usr/share/texlive/texmf-dist/tex/latex/tools/verbatim.sty
Package: verbatim 2014/10/28 v1.5q LaTeX2e package for verbatim enhancements
\every@verbatim=\toks21
\verbatim@line=\toks22
\verbatim@in@stream=\read1
)
(/usr/share/texlive/texmf-dist/tex/latex/wrapfig/wrapfig.sty
\wrapoverhang=\dimen137
\WF@size=\dimen138
\c@WF@wrappedlines=\count108
\WF@box=\box44
\WF@everypar=\toks23
Package: wrapfig 2003/01/31  v 3.6
)
(/usr/share/texlive/texmf-dist/tex/platex/base/ascmac.sty
Package: ascmac 2017/12/17 v2.0f ascmac wrapper (community edition) 

(/usr/share/texlive/texmf-dist/tex/platex/base/tascmac.sty
Package: tascmac 2017/12/17 v2.0f ascmac package (community edition) 
\@savetbaselineshift=\dimen139
\@saveybaselineshift=\dimen140
\scb@x=\box45
\scscb@x=\box46
\@bw=\dimen141
\@nbox=\box47
\@nbody=\box48
\@scw=\dimen142
\@itemh=\dimen143
\@iboxpos=\toks24
\@iboxstr=\box49
\@bwsp=\box50
\@@bwsp=\box51
\@bcal=\count109
\shaderule=\dimen144
))
(/usr/share/texlive/texmf-dist/tex/latex/fancyvrb/fancyvrb.sty
Package: fancyvrb 2008/02/07

Style option: `fancyvrb' v2.7a, with DG/SPQR fixes, and firstline=lastline fix 
<2008/02/07> (tvz)
\FV@CodeLineNo=\count110
\FV@InFile=\read2
\FV@TabBox=\box52
\c@FancyVerbLine=\count111
\FV@StepNumber=\count112
\FV@OutFile=\write3
) (/usr/share/texlive/texmf-dist/tex/latex/base/makeidx.sty
Package: makeidx 2014/09/29 v1.0m Standard LaTeX package
)
(/usr/share/texlive/texmf-dist/tex/latex/comment/comment.sty
\CommentStream=\write4

Excluding comment 'comment') (./eclbkbox.sty
\bk@bxb=\box53
\bk@bxa=\box54
\bk@lcnt=\count113
)
(/usr/share/texlive/texmf-dist/tex/latex/float/float.sty
Package: float 2001/11/08 v1.3d Float enhancements (AL)
\c@float@type=\count114
\float@exts=\toks25
\float@box=\box55
\@float@everytoks=\toks26
\@floatcapt=\box56
)) (./myjlab.sty)
\@indexfile=\write5
\openout5 = `main.idx'.


Writing index file main.idx
(./settings.tex) (./main.aux (./chap1.aux) (./chap2.aux) (./chap3.aux

LaTeX Warning: Label `fig:vkall' multiply defined.


LaTeX Warning: Label `fig:vkall' multiply defined.


LaTeX Warning: Label `fig:vkall' multiply defined.


LaTeX Warning: Label `fig:vkall' multiply defined.


LaTeX Warning: Label `fig:vkall' multiply defined.


LaTeX Warning: Label `fig:mms' multiply defined.


LaTeX Warning: Label `fig:mms' multiply defined.


LaTeX Warning: Label `fig:mms' multiply defined.


LaTeX Warning: Label `fig:mms' multiply defined.

) (./chap4.aux

LaTeX Warning: Label `fig:mms' multiply defined.


LaTeX Warning: Label `fig:mms' multiply defined.


LaTeX Warning: Label `fig:mms' multiply defined.


LaTeX Warning: Label `fig:mms' multiply defined.


LaTeX Warning: Label `fig:mms' multiply defined.


LaTeX Warning: Label `fig:mms' multiply defined.


LaTeX Warning: Label `fig:mms' multiply defined.


LaTeX Warning: Label `fig:mms' multiply defined.


LaTeX Warning: Label `fig:mms' multiply defined.


LaTeX Warning: Label `fig:mms' multiply defined.


LaTeX Warning: Label `fig:mms' multiply defined.


LaTeX Warning: Label `fig:mms' multiply defined.


LaTeX Warning: Label `fig:mms' multiply defined.


LaTeX Warning: Label `fig:mms' multiply defined.


LaTeX Warning: Label `fig:mms' multiply defined.


LaTeX Warning: Label `fig:mms' multiply defined.


LaTeX Warning: Label `fig:mms' multiply defined.


LaTeX Warning: Label `fig:mms' multiply defined.


LaTeX Warning: Label `fig:mms' multiply defined.


LaTeX Warning: Label `fig:mms' multiply defined.


LaTeX Warning: Label `fig:mms' multiply defined.


LaTeX Warning: Label `fig:mms' multiply defined.


LaTeX Warning: Label `fig:mms' multiply defined.


LaTeX Warning: Label `fig:mms' multiply defined.

) (./chap5.aux))
\openout1 = `main.aux'.

LaTeX Font Info:    Checking defaults for OML/cmm/m/it on input line 17.
LaTeX Font Info:    ... okay on input line 17.
LaTeX Font Info:    Checking defaults for T1/cmr/m/n on input line 17.
LaTeX Font Info:    ... okay on input line 17.
LaTeX Font Info:    Checking defaults for OT1/cmr/m/n on input line 17.
LaTeX Font Info:    ... okay on input line 17.
LaTeX Font Info:    Checking defaults for OMS/cmsy/m/n on input line 17.
LaTeX Font Info:    ... okay on input line 17.
LaTeX Font Info:    Checking defaults for OMX/cmex/m/n on input line 17.
LaTeX Font Info:    ... okay on input line 17.
LaTeX Font Info:    Checking defaults for U/cmr/m/n on input line 17.
LaTeX Font Info:    ... okay on input line 17.
LaTeX Font Info:    Checking defaults for JY1/mc/m/n on input line 17.
LaTeX Font Info:    ... okay on input line 17.
LaTeX Font Info:    Checking defaults for JT1/mc/m/n on input line 17.
LaTeX Font Info:    ... okay on input line 17.
\docmute@nestinglevel=\count115
\c@mpl=\count116
LaTeX Font Info:    Font shape `JT1/gt/m/n' will be
(Font)              scaled to size 9.60999pt on input line 21.
LaTeX Font Info:    Font shape `JY1/gt/m/n' will be
(Font)              scaled to size 9.60999pt on input line 21.
LaTeX Font Info:    Font shape `JT1/gt/m/n' will be
(Font)              scaled to size 11.53198pt on input line 21.
LaTeX Font Info:    Font shape `JY1/gt/m/n' will be
(Font)              scaled to size 11.53198pt on input line 21.
LaTeX Font Info:    Font shape `JT1/gt/m/n' will be
(Font)              scaled to size 19.9311pt on input line 21.
LaTeX Font Info:    Font shape `JY1/gt/m/n' will be
(Font)              scaled to size 19.9311pt on input line 21.
LaTeX Font Info:    Font shape `JT1/gt/m/n' will be
(Font)              scaled to size 13.83836pt on input line 21.
LaTeX Font Info:    Font shape `JY1/gt/m/n' will be
(Font)              scaled to size 13.83836pt on input line 21.
LaTeX Font Info:    Font shape `JY1/mc/m/n' will be
(Font)              scaled to size 13.83836pt on input line 21.
LaTeX Font Info:    Font shape `JY1/mc/m/n' will be
(Font)              scaled to size 6.72699pt on input line 21.
LaTeX Font Info:    Try loading font information for U+msa on input line 21.
 (/usr/share/texlive/texmf-dist/tex/latex/amsfonts/umsa.fd
File: umsa.fd 2013/01/14 v3.01 AMS symbols A
)
LaTeX Font Info:    Try loading font information for U+msb on input line 21.

(/usr/share/texlive/texmf-dist/tex/latex/amsfonts/umsb.fd
File: umsb.fd 2013/01/14 v3.01 AMS symbols B
)
LaTeX Font Info:    Font shape `JY1/gt/m/n' will be
(Font)              scaled to size 6.72699pt on input line 21.
 [1

]
LaTeX Font Info:    Font shape `JT1/mc/m/n' will be
(Font)              scaled to size 23.90964pt on input line 25.
LaTeX Font Info:    Font shape `JY1/mc/m/n' will be
(Font)              scaled to size 23.90964pt on input line 25.
LaTeX Font Info:    Font shape `JT1/gt/m/n' will be
(Font)              scaled to size 23.90964pt on input line 25.
LaTeX Font Info:    Font shape `JY1/gt/m/n' will be
(Font)              scaled to size 23.90964pt on input line 25.
 (./abstract.tex)
LaTeX Font Info:    Font shape `JT1/mc/bx/n' in size <10> not available
(Font)              Font shape `JT1/gt/m/n' tried instead on input line 34.
LaTeX Font Info:    Font shape `JT1/gt/m/n' will be
(Font)              scaled to size 9.60999pt on input line 34.
LaTeX Font Info:    Font shape `JY1/mc/bx/n' in size <10> not available
(Font)              Font shape `JY1/gt/m/n' tried instead on input line 34.
LaTeX Font Info:    Font shape `JY1/gt/m/n' will be
(Font)              scaled to size 9.60999pt on input line 34.
[1


] [2] (./thanks.tex) [3

] (./main.toc
LaTeX Font Info:    Font shape `JY1/mc/m/n' will be
(Font)              scaled to size 4.805pt on input line 4.
LaTeX Font Info:    Font shape `JY1/gt/m/n' will be
(Font)              scaled to size 4.805pt on input line 4.
 [4

])
\tf@toc=\write6
\openout6 = `main.toc'.

 [5]
\openout2 = `chap1.aux'.

 (./chap1.tex
第1章
LaTeX Font Info:    Font shape `JT1/mc/m/n' will be
(Font)              scaled to size 19.9311pt on input line 6.
LaTeX Font Info:    Font shape `JY1/mc/m/n' will be
(Font)              scaled to size 19.9311pt on input line 6.
LaTeX Font Info:    Font shape `JT1/mc/m/n' will be
(Font)              scaled to size 13.83836pt on input line 10.
[1



]) [2]
\openout2 = `chap2.aux'.

 (./chap2.tex
第2章
(./sec21.tex) (./sec22.tex) (./sec23.tex [3



]) (./sec24.tex)) [4]
\openout2 = `chap3.aux'.

 (./chap3.tex
第3章
(./sec31.tex
LaTeX Font Info:    Font shape `JT1/mc/m/n' will be
(Font)              scaled to size 11.53198pt on input line 3.
LaTeX Font Info:    Font shape `JY1/mc/m/n' will be
(Font)              scaled to size 11.53198pt on input line 3.
 [5



] [6]
File: PLSA_graphical.pdf Graphic file (type pdf)
<PLSA_graphical.pdf>
 [7] [8]) (./sec32.tex
LaTeX Font Info:    Font shape `JT1/mc/m/n' will be
(Font)              scaled to size 6.72699pt on input line 10.
LaTeX Font Info:    Font shape `JY1/mc/m/n' will be
(Font)              scaled to size 5.76599pt on input line 10.
LaTeX Font Info:    Font shape `JY1/gt/m/n' will be
(Font)              scaled to size 7.68799pt on input line 10.
LaTeX Font Info:    Font shape `JY1/gt/m/n' will be
(Font)              scaled to size 5.76599pt on input line 10.
LaTeX Font Info:    Font shape `JT1/mc/m/n' will be
(Font)              scaled to size 5.76599pt on input line 10.
 [9]
Overfull \hbox (5.67104pt too wide) detected at line 43
[]
 []

[10] [11]) (./sec33.tex
File: lyrics_AV.pdf Graphic file (type pdf)
<lyrics_AV.pdf>
 [12]
File: lyrics_A+V+.pdf Graphic file (type pdf)
<lyrics_A+V+.pdf>
 [13]
File: lyrics_A+V-.pdf Graphic file (type pdf)
<lyrics_A+V-.pdf>
 [14]
File: lyrics_A-V-.pdf Graphic file (type pdf)
<lyrics_A-V-.pdf>
 [15]
File: lyrics_A-V+.pdf Graphic file (type pdf)
<lyrics_A-V+.pdf>
 [16]
File: phrase_AV.pdf Graphic file (type pdf)
<phrase_AV.pdf>
 [17]
File: phrase_A+V+.pdf Graphic file (type pdf)
<phrase_A+V+.pdf>
 [18]
File: phrase_A+V-.pdf Graphic file (type pdf)
<phrase_A+V-.pdf>
 [19]
File: phrase_A-V-.pdf Graphic file (type pdf)
<phrase_A-V-.pdf>
 [20]
File: phrase_A-V+.pdf Graphic file (type pdf)
<phrase_A-V+.pdf>
)) [21]
\openout2 = `chap4.aux'.


(./chap4.tex
第4章
(./sec41.tex) (./sec42.tex [22



]
LaTeX Font Info:    Try loading font information for OMS+cmr on input line 19.

(/usr/share/texlive/texmf-dist/tex/latex/base/omscmr.fd
File: omscmr.fd 2014/09/29 v2.5h Standard LaTeX font definitions
)
LaTeX Font Info:    Font shape `OMS/cmr/m/n' in size <10> not available
(Font)              Font shape `OMS/cmsy/m/n' tried instead on input line 19.
 [23]) (./sec43.tex
[24]
File: 4313.pdf Graphic file (type pdf)
<4313.pdf>
 [25]
File: 4314.pdf Graphic file (type pdf)
<4314.pdf>
 [26]
File: 4315.pdf Graphic file (type pdf)
<4315.pdf>
 [27]
File: 4316.pdf Graphic file (type pdf)
<4316.pdf>
 [28]
File: 4317.pdf Graphic file (type pdf)
<4317.pdf>
 [29]
File: 4318.pdf Graphic file (type pdf)
<4318.pdf>
 [30]
File: 4319.pdf Graphic file (type pdf)
<4319.pdf>
 [31]
File: 4320.pdf Graphic file (type pdf)
<4320.pdf>
 [32]
File: 4321.pdf Graphic file (type pdf)
<4321.pdf>
 [33]
File: 4322.pdf Graphic file (type pdf)
<4322.pdf>
 [34]
File: 4323.pdf Graphic file (type pdf)
<4323.pdf>
 [35]
File: 4324.pdf Graphic file (type pdf)
<4324.pdf>
 [36]
File: 431.pdf Graphic file (type pdf)
<431.pdf>
File: 432.pdf Graphic file (type pdf)
<432.pdf>
 [37] [38]
File: 433.pdf Graphic file (type pdf)
<433.pdf>

[39]
File: 434.pdf Graphic file (type pdf)
<434.pdf>
 [40]
File: 435.pdf Graphic file (type pdf)
<435.pdf>
 [41]
File: 436.pdf Graphic file (type pdf)
<436.pdf>
 [42]
File: 437.pdf Graphic file (type pdf)
<437.pdf>
 [43]
File: 438.pdf Graphic file (type pdf)
<438.pdf>
 [44]
File: 439.pdf Graphic file (type pdf)
<439.pdf>
 [45]
File: 4310.pdf Graphic file (type pdf)
<4310.pdf>
 [46]
File: 4311.pdf Graphic file (type pdf)
<4311.pdf>
 [47]
File: 4312.pdf Graphic file (type pdf)
<4312.pdf>
 [48]) (./sec44.tex [49])) [50]
\openout2 = `chap5.aux'.


(./chap5.tex
第5章
) [51



] [52] (./main.bbl
LaTeX Font Info:    Font shape `JT1/gt/m/it' in size <10> not available
(Font)              Font shape `JT1/gt/m/n' tried instead on input line 18.
LaTeX Font Info:    Font shape `JT1/gt/m/n' will be
(Font)              scaled to size 9.60999pt on input line 18.
LaTeX Font Info:    Font shape `JY1/gt/m/it' in size <10> not available
(Font)              Font shape `JY1/gt/m/n' tried instead on input line 18.
LaTeX Font Info:    Font shape `JY1/gt/m/n' will be
(Font)              scaled to size 9.60999pt on input line 18.
 [53


]) [54]
No file main.ind.
(./main.aux (./chap1.aux) (./chap2.aux) (./chap3.aux) (./chap4.aux)
(./chap5.aux))

LaTeX Warning: There were multiply-defined labels.

 ) 
Here is how much of TeX's memory you used:
 3210 strings out of 493640
 39581 string characters out of 6150528
 108091 words of memory out of 5000000
 6620 multiletter control sequences out of 15000+600000
 26531 words of font info for 117 fonts, out of 8000000 for 9000
 934 hyphenation exceptions out of 8191
 34i,18n,45p,316b,317s stack positions out of 5000i,500n,10000p,200000b,80000s

Output written on main.dvi (60 pages, 121376 bytes).
